This is LuaHBTeX, Version 1.16.0 (TeX Live 2023)  (format=lualatex 2023.6.12)  7 JUL 2023 00:45
 system commands enabled.
 file:line:error style messages enabled.
**c:/Users/asd/Documents/repos/ecasa2/main.tex
(c:/Users/asd/Documents/repos/ecasa2/main.tex
LaTeX2e <2022-11-01> patch level 1
Lua module: luaotfload 2022-10-03 3.23 Lua based OpenType font support
Lua module: lualibs 2022-10-04 2.75 ConTeXt Lua standard libraries.
Lua module: lualibs-extended 2022-10-04 2.75 ConTeXt Lua libraries -- extended collection.
luaotfload | conf : Root cache directory is "C:/texlive/2023/texmf-var/luatex-cache/generic/names".
luaotfload | init : Loading fontloader "fontloader-2022-10-03.lua" from kpse-resolved path "c:/texlive/2023/texmf-dist/tex/luatex/luaotfload/fontloader-2022-10-03.lua".
Lua-only attribute luaotfload@noligature = 1
luaotfload | init : Context OpenType loader version 3.120
Inserting `luaotfload.node_processor' in `pre_linebreak_filter'.
Inserting `luaotfload.node_processor' in `hpack_filter'.
Inserting `luaotfload.glyph_stream' in `glyph_stream_provider'.
Inserting `luaotfload.define_font' in `define_font'.
Lua-only attribute luaotfload_color_attribute = 2
luaotfload | conf : Root cache directory is "C:/texlive/2023/texmf-var/luatex-cache/generic/names".
Inserting `luaotfload.harf.strip_prefix' in `find_opentype_file'.
Inserting `luaotfload.harf.strip_prefix' in `find_truetype_file'.
Removing  `luaotfload.glyph_stream' from `glyph_stream_provider'.
Inserting `luaotfload.harf.glyphstream' in `glyph_stream_provider'.
Inserting `luaotfload.harf.finalize_vlist' in `post_linebreak_filter'.
Inserting `luaotfload.harf.finalize_hlist' in `hpack_filter'.
Inserting `luaotfload.cleanup_files' in `wrapup_run'.
Inserting `luaotfload.harf.finalize_unicode' in `finish_pdffile'.
Inserting `luaotfload.glyphinfo' in `glyph_info'.
Lua-only attribute luaotfload.letterspace_done = 3
Inserting `luaotfload.aux.set_sscale_dimens' in `luaotfload.patch_font'.
Inserting `luaotfload.aux.set_font_index' in `luaotfload.patch_font'.
Inserting `luaotfload.aux.patch_cambria_domh' in `luaotfload.patch_font'.
Inserting `luaotfload.aux.fixup_fontdata' in `luaotfload.patch_font_unsafe'.
Inserting `luaotfload.aux.set_capheight' in `luaotfload.patch_font'.
Inserting `luaotfload.aux.set_xheight' in `luaotfload.patch_font'.
Inserting `luaotfload.rewrite_fontname' in `luaotfload.patch_font'. L3 programming layer <2023-02-22>
Inserting `tracingstacklevels' in `input_level_string'. (c:/texlive/2023/texmf-dist/tex/latex/base/article.cls
Document Class: article 2022/07/02 v1.4n Standard LaTeX document class
(c:/texlive/2023/texmf-dist/tex/latex/base/size10.clo
File: size10.clo 2022/07/02 v1.4n Standard LaTeX file (size option)
luaotfload | db : Font names database loaded from C:/texlive/2023/texmf-var/luatex-cache/generic/names/luaotfload-names.luc.gz)
\c@part=\count183
\c@section=\count184
\c@subsection=\count185
\c@subsubsection=\count186
\c@paragraph=\count187
\c@subparagraph=\count188
\c@figure=\count189
\c@table=\count190
\abovecaptionskip=\skip48
\belowcaptionskip=\skip49
\bibindent=\dimen139
) (c:/texlive/2023/texmf-dist/tex/latex/polyglossia/polyglossia.sty
Package: polyglossia 2023/02/11 v1.60 Modern multilingual typesetting with XeLaTeX and LuaLaTeX
 (c:/texlive/2023/texmf-dist/tex/latex/etoolbox/etoolbox.sty
Package: etoolbox 2020/10/05 v2.5k e-TeX tools for LaTeX (JAW)
\etb@tempcnta=\count191
) (c:/texlive/2023/texmf-dist/tex/latex/makecmds/makecmds.sty
Package: makecmds 2009/09/03 v1.0a extra command making commands
) (c:/texlive/2023/texmf-dist/tex/latex/xkeyval/xkeyval.sty
Package: xkeyval 2022/06/16 v2.9 package option processing (HA)
 (c:/texlive/2023/texmf-dist/tex/generic/xkeyval/xkeyval.tex (c:/texlive/2023/texmf-dist/tex/generic/xkeyval/xkvutils.tex
\XKV@toks=\toks16
\XKV@tempa@toks=\toks17
 (c:/texlive/2023/texmf-dist/tex/generic/xkeyval/keyval.tex))
\XKV@depth=\count192
File: xkeyval.tex 2014/12/03 v2.7a key=value parser (HA)
)) (c:/texlive/2023/texmf-dist/tex/latex/fontspec/fontspec.sty (c:/texlive/2023/texmf-dist/tex/latex/l3packages/xparse/xparse.sty (c:/texlive/2023/texmf-dist/tex/latex/l3kernel/expl3.sty
Package: expl3 2023-02-22 L3 programming layer (loader) 
 (c:/texlive/2023/texmf-dist/tex/latex/l3backend/l3backend-luatex.def
File: l3backend-luatex.def 2023-01-16 L3 backend support: PDF output (LuaTeX)
\l__color_backend_stack_int=\count193
\l__pdf_internal_box=\box51
))
Package: xparse 2023-02-02 L3 Experimental document command parser
)
Package: fontspec 2022/01/15 v2.8a Font selection for XeLaTeX and LuaLaTeX
Lua module: fontspec 2022/01/15 2.8a Font selection for XeLaTeX and LuaLaTeX (c:/texlive/2023/texmf-dist/tex/latex/fontspec/fontspec-luatex.sty
Package: fontspec-luatex 2022/01/15 v2.8a Font selection for XeLaTeX and LuaLaTeX
\l__fontspec_script_int=\count194
\l__fontspec_language_int=\count195
\l__fontspec_strnum_int=\count196
\l__fontspec_tmp_int=\count197
\l__fontspec_tmpa_int=\count198
\l__fontspec_tmpb_int=\count199
\l__fontspec_tmpc_int=\count266
\l__fontspec_em_int=\count267
\l__fontspec_emdef_int=\count268
\l__fontspec_strong_int=\count269
\l__fontspec_strongdef_int=\count270
\l__fontspec_tmpa_dim=\dimen140
\l__fontspec_tmpb_dim=\dimen141
\l__fontspec_tmpc_dim=\dimen142
 (c:/texlive/2023/texmf-dist/tex/latex/base/fontenc.sty
Package: fontenc 2021/04/29 v2.0v Standard LaTeX package
) (c:/texlive/2023/texmf-dist/tex/latex/fontspec/fontspec.cfg))) (c:/texlive/2023/texmf-dist/tex/generic/iftex/iftex.sty
Package: iftex 2022/02/03 v1.0f TeX engine tests
) (c:/texlive/2023/texmf-dist/tex/latex/l3packages/l3keys2e/l3keys2e.sty
Package: l3keys2e 2023-02-02 LaTeX2e option processing using LaTeX3 keys
) (c:/texlive/2023/texmf-dist/tex/luatex/luatexbase/luatexbase.sty
Package: luatexbase 2015/10/04 v1.3 luatexbase interface to LuaTeX 
 (c:/texlive/2023/texmf-dist/tex/luatex/ctablestack/ctablestack.sty
Package: ctablestack 2015/10/01 v1.0 Catcode table stable support
\@catcodetablestackcnt=\count271
)
\CatcodeTableOther=\catcodetable12
\CatcodeTableExpl=\catcodetable13
)
Lua module: polyglossia 2013/05/11 1.3 Polyglossia (c:/texlive/2023/texmf-dist/tex/latex/polyglossia/gloss-latex.lde
Package: gloss-latex 2023/02/11 vv1.60 polyglossia: module for default language
The property list \polyglossia@langsetup contains the pairs (without outer
braces):
>  {latex/script}  =>  {latin}
>  {latex/lcscript}  =>  {latin}
>  {latex/scripttag}  =>  {}
>  {latex/language}  =>  {Latex}
>  {latex/langtag}  =>  {ENG}
>  {latex/bcp47}  =>  {}
>  {latex/hyphennames}  =>  {english}
>  {latex/direction}  =>  {LR}
>  {latex/hyphenmins}  =>  {2,3}
>  {latex/frenchspacing}  =>  {false}
>  {latex/indentfirst}  =>  {false}
>  {latex/fontsetup}  =>  {true}
>  {latex/envname}  =>  {latex}
>  {latex/babelname}  =>  {latex}
>  {latex/localnumeral}  =>  {polyglossia@C@localnumeral}
>  {latex/Localnumeral}  =>  {polyglossia@C@localnumeral}
>  {latex/DefineCommandsCmd}  =>  {use_none:n}.
)
Package polyglossia Info: Default language is latex.
Package polyglossia Info: Setting LuaTeX font renderer to Harfbuzz.
) (c:/texlive/2023/texmf-dist/tex/latex/polyglossia/gloss-spanish.ldf
File: gloss-spanish.ldf polyglossia: module for Spanish
The property list \polyglossia@langsetup contains the pairs (without outer
braces):
>  {latex/script}  =>  {latin}
>  {latex/lcscript}  =>  {latin}
>  {latex/scripttag}  =>  {}
>  {latex/language}  =>  {Latex}
>  {latex/langtag}  =>  {ENG}
>  {latex/bcp47}  =>  {}
>  {latex/hyphennames}  =>  {english}
>  {latex/direction}  =>  {LR}
>  {latex/hyphenmins}  =>  {2,3}
>  {latex/frenchspacing}  =>  {false}
>  {latex/indentfirst}  =>  {false}
>  {latex/fontsetup}  =>  {true}
>  {latex/envname}  =>  {latex}
>  {latex/babelname}  =>  {latex}
>  {latex/localnumeral}  =>  {polyglossia@C@localnumeral}
>  {latex/Localnumeral}  =>  {polyglossia@C@localnumeral}
>  {latex/DefineCommandsCmd}  =>  {use_none:n}
>  {spanish/script}  =>  {latin}
>  {spanish/lcscript}  =>  {latin}
>  {spanish/scripttag}  =>  {}
>  {spanish/language}  =>  {Spanish}
>  {spanish/langtag}  =>  {ESP}
>  {spanish/bcp47}  =>  {es-ES}
>  {spanish/hyphennames}  =>  {spanish}
>  {spanish/direction}  =>  {LR}
>  {spanish/hyphenmins}  =>  {2,2}
>  {spanish/frenchspacing}  =>  {true}
>  {spanish/indentfirst}  =>  {true}
>  {spanish/fontsetup}  =>  {true}
>  {spanish/envname}  =>  {spanish}
>  {spanish/babelname}  =>  {spanish}
>  {spanish/localnumeral}  =>  {polyglossia@C@localnumeral}
>  {spanish/Localnumeral}  =>  {polyglossia@C@localnumeral}
>  {spanish/DefineCommandsCmd}  =>  {xpg_define_language_commands:e}
>  {spanish/totalhyphenmin}  =>  {5}.
Module polyglossia Info: Language data for spanish
(polyglossia)            hyphenation	
(polyglossia)            righthyphenmin	2
(polyglossia)            patterns	hyph-es.pat.txt
(polyglossia)            loader	loadhyph-es.tex
(polyglossia)            lefthyphenmin	2
(polyglossia)            synonyms	espanol on input line 15
Module polyglossia Info: Language spanish was not yet loaded; created with id 2 on input line 15
Package polyglossia Info: Option: spanish, variant=spanish.
Package polyglossia Info: Option: Spanish, spanishoperators=none.
)
Package polyglossia Info: Default language is spanish.
 (c:/texlive/2023/texmf-dist/tex/latex/svg/svg.sty
Package: svg 2020/11/26 v2.02k (include SVG pictures)
 (c:/texlive/2023/texmf-dist/tex/latex/koma-script/scrbase.sty
Package: scrbase 2022/10/12 v3.38 KOMA-Script package (KOMA-Script-independent basics and keyval usage)
 (c:/texlive/2023/texmf-dist/tex/latex/koma-script/scrlfile.sty
Package: scrlfile 2022/10/12 v3.38 KOMA-Script package (file load hooks)
 (c:/texlive/2023/texmf-dist/tex/latex/koma-script/scrlfile-hook.sty
Package: scrlfile-hook 2022/10/12 v3.38 KOMA-Script package (using LaTeX hooks)
 (c:/texlive/2023/texmf-dist/tex/latex/koma-script/scrlogo.sty
Package: scrlogo 2022/10/12 v3.38 KOMA-Script package (logo)
)))
Applying: [2021/05/01] Usage of raw or classic option list on input line 252.
Already applied: [0000/00/00] Usage of raw or classic option list on input line 368.
) (c:/texlive/2023/texmf-dist/tex/generic/pdftexcmds/pdftexcmds.sty
Package: pdftexcmds 2020-06-27 v0.33 Utility functions of pdfTeX for LuaTeX (HO)
 (c:/texlive/2023/texmf-dist/tex/generic/infwarerr/infwarerr.sty
Package: infwarerr 2019/12/03 v1.5 Providing info/warning/error messages (HO)
) (c:/texlive/2023/texmf-dist/tex/generic/ltxcmds/ltxcmds.sty
Package: ltxcmds 2020-05-10 v1.25 LaTeX kernel commands for general use (HO)
)
Package pdftexcmds Info: \pdf@primitive is available.
Package pdftexcmds Info: \pdf@ifprimitive is available.
Package pdftexcmds Info: \pdfdraftmode found.
\pdftexcmds@toks=\toks18
) (c:/texlive/2023/texmf-dist/tex/latex/trimspaces/trimspaces.sty
Package: trimspaces 2009/09/17 v1.1 Trim spaces around a token list
) (c:/texlive/2023/texmf-dist/tex/latex/graphics/graphicx.sty
Package: graphicx 2021/09/16 v1.2d Enhanced LaTeX Graphics (DPC,SPQR)
 (c:/texlive/2023/texmf-dist/tex/latex/graphics/graphics.sty
Package: graphics 2022/03/10 v1.4e Standard LaTeX Graphics (DPC,SPQR)
 (c:/texlive/2023/texmf-dist/tex/latex/graphics/trig.sty
Package: trig 2021/08/11 v1.11 sin cos tan (DPC)
) (c:/texlive/2023/texmf-dist/tex/latex/graphics-cfg/graphics.cfg
File: graphics.cfg 2016/06/04 v1.11 sample graphics configuration
)
Package graphics Info: Driver file: luatex.def on input line 107.
 (c:/texlive/2023/texmf-dist/tex/latex/graphics-def/luatex.def
File: luatex.def 2022/09/22 v1.2d Graphics/color driver for luatex
))
\Gin@req@height=\dimen143
\Gin@req@width=\dimen144
) (c:/texlive/2023/texmf-dist/tex/latex/tools/shellesc.sty
Package: shellesc 2019/11/08 v1.0c unified shell escape interface for LaTeX
Package shellesc Info: Unrestricted shell escape enabled on input line 75.
) (c:/texlive/2023/texmf-dist/tex/latex/ifplatform/ifplatform.sty
Package: ifplatform 2017/10/13 v0.4a Testing for the operating system
 (c:/texlive/2023/texmf-dist/tex/generic/catchfile/catchfile.sty
Package: catchfile 2019/12/09 v1.8 Catch the contents of a file (HO)
 (c:/texlive/2023/texmf-dist/tex/generic/etexcmds/etexcmds.sty
Package: etexcmds 2019/12/15 v1.7 Avoid name clashes with e-TeX commands (HO)
)) (c:/texlive/2023/texmf-dist/tex/generic/iftex/ifluatex.sty
Package: ifluatex 2019/10/25 v1.5 ifluatex legacy package. Use iftex instead.
))
\c@svg@param@lastpage=\count272
\svg@box=\box52
\c@svg@param@currpage=\count273
) (c:/texlive/2023/texmf-dist/tex/latex/xcolor/xcolor.sty
Package: xcolor 2022/06/12 v2.14 LaTeX color extensions (UK)
 (c:/texlive/2023/texmf-dist/tex/latex/graphics-cfg/color.cfg
File: color.cfg 2016/01/02 v1.6 sample color configuration
)
Package xcolor Info: Driver file: luatex.def on input line 227.
 (c:/texlive/2023/texmf-dist/tex/latex/graphics/mathcolor.ltx)
Package xcolor Info: Model `cmy' substituted by `cmy0' on input line 1353.
Package xcolor Info: Model `hsb' substituted by `rgb' on input line 1357.
Package xcolor Info: Model `RGB' extended on input line 1369.
Package xcolor Info: Model `HTML' substituted by `rgb' on input line 1371.
Package xcolor Info: Model `Hsb' substituted by `hsb' on input line 1372.
Package xcolor Info: Model `tHsb' substituted by `hsb' on input line 1373.
Package xcolor Info: Model `HSB' substituted by `hsb' on input line 1374.
Package xcolor Info: Model `Gray' substituted by `gray' on input line 1375.
Package xcolor Info: Model `wave' substituted by `hsb' on input line 1376.
) (c:/texlive/2023/texmf-dist/tex/latex/transparent/transparent.sty
Package: transparent 2022-10-27 v1.5 Transparency with color stacks
 (c:/texlive/2023/texmf-dist/tex/latex/transparent/transparent-nometadata.sty
Package: transparent-nometadata 2022-10-27 v1.5 Transparency via pdfTeX's color stack (HO)
 (c:/texlive/2023/texmf-dist/tex/latex/auxhook/auxhook.sty
Package: auxhook 2019-12-17 v1.6 Hooks for auxiliary files (HO)
))) (c:/texlive/2023/texmf-dist/tex/latex/pgf/systemlayer/pgfsys.sty (c:/texlive/2023/texmf-dist/tex/latex/pgf/utilities/pgfrcs.sty (c:/texlive/2023/texmf-dist/tex/generic/pgf/utilities/pgfutil-common.tex
\pgfutil@everybye=\toks19
\pgfutil@tempdima=\dimen145
\pgfutil@tempdimb=\dimen146
) (c:/texlive/2023/texmf-dist/tex/generic/pgf/utilities/pgfutil-latex.def
\pgfutil@abb=\box53
) (c:/texlive/2023/texmf-dist/tex/generic/pgf/utilities/pgfrcs.code.tex (c:/texlive/2023/texmf-dist/tex/generic/pgf/pgf.revision.tex)
Package: pgfrcs 2023-01-15 v3.1.10 (3.1.10)
)) (c:/texlive/2023/texmf-dist/tex/generic/pgf/systemlayer/pgfsys.code.tex
Package: pgfsys 2023-01-15 v3.1.10 (3.1.10)
 (c:/texlive/2023/texmf-dist/tex/generic/pgf/utilities/pgfkeys.code.tex
\pgfkeys@pathtoks=\toks20
\pgfkeys@temptoks=\toks21
 (c:/texlive/2023/texmf-dist/tex/generic/pgf/utilities/pgfkeyslibraryfiltered.code.tex
\pgfkeys@tmptoks=\toks22
))
\pgf@x=\dimen147
\pgf@y=\dimen148
\pgf@xa=\dimen149
\pgf@ya=\dimen150
\pgf@xb=\dimen151
\pgf@yb=\dimen152
\pgf@xc=\dimen153
\pgf@yc=\dimen154
\pgf@xd=\dimen155
\pgf@yd=\dimen156
\w@pgf@writea=\write3
\r@pgf@reada=\read2
\c@pgf@counta=\count274
\c@pgf@countb=\count275
\c@pgf@countc=\count276
\c@pgf@countd=\count277
\t@pgf@toka=\toks23
\t@pgf@tokb=\toks24
\t@pgf@tokc=\toks25
\pgf@sys@id@count=\count278
 (c:/texlive/2023/texmf-dist/tex/generic/pgf/systemlayer/pgf.cfg
File: pgf.cfg 2023-01-15 v3.1.10 (3.1.10)
)
Driver file for pgf: pgfsys-luatex.def
 (c:/texlive/2023/texmf-dist/tex/generic/pgf/systemlayer/pgfsys-luatex.def
File: pgfsys-luatex.def 2023-01-15 v3.1.10 (3.1.10)
 (c:/texlive/2023/texmf-dist/tex/generic/pgf/systemlayer/pgfsys-common-pdf.def
File: pgfsys-common-pdf.def 2023-01-15 v3.1.10 (3.1.10)
))) (c:/texlive/2023/texmf-dist/tex/generic/pgf/systemlayer/pgfsyssoftpath.code.tex
File: pgfsyssoftpath.code.tex 2023-01-15 v3.1.10 (3.1.10)
\pgfsyssoftpath@smallbuffer@items=\count279
\pgfsyssoftpath@bigbuffer@items=\count280
) (c:/texlive/2023/texmf-dist/tex/generic/pgf/systemlayer/pgfsysprotocol.code.tex
File: pgfsysprotocol.code.tex 2023-01-15 v3.1.10 (3.1.10)
)) (c:/texlive/2023/texmf-dist/tex/latex/float/float.sty
Package: float 2001/11/08 v1.3d Float enhancements (AL)
\c@float@type=\count281
\float@exts=\toks26
\float@box=\box54
\@float@everytoks=\toks27
\@floatcapt=\box55
) (c:/texlive/2023/texmf-dist/tex/latex/amsmath/amsmath.sty
Package: amsmath 2022/04/08 v2.17n AMS math features
\@mathmargin=\skip50

For additional information on amsmath, use the `?' option.
(c:/texlive/2023/texmf-dist/tex/latex/amsmath/amstext.sty
Package: amstext 2021/08/26 v2.01 AMS text
 (c:/texlive/2023/texmf-dist/tex/latex/amsmath/amsgen.sty
File: amsgen.sty 1999/11/30 v2.0 generic functions
\@emptytoks=\toks28
\ex@=\dimen157
)) (c:/texlive/2023/texmf-dist/tex/latex/amsmath/amsbsy.sty
Package: amsbsy 1999/11/29 v1.2d Bold Symbols
\pmbraise@=\dimen158
) (c:/texlive/2023/texmf-dist/tex/latex/amsmath/amsopn.sty
Package: amsopn 2022/04/08 v2.04 operator names
)
\inf@bad=\count282
LaTeX Info: Redefining \frac on input line 236.
\uproot@=\count283
\leftroot@=\count284
LaTeX Info: Redefining \overline on input line 399.
LaTeX Info: Redefining \colon on input line 410.
\classnum@=\count285
\DOTSCASE@=\count286
LaTeX Info: Redefining \ldots on input line 496.
LaTeX Info: Redefining \dots on input line 499.
LaTeX Info: Redefining \cdots on input line 620.
\Mathstrutbox@=\box56
\strutbox@=\box57
LaTeX Info: Redefining \big on input line 722.
LaTeX Info: Redefining \Big on input line 723.
LaTeX Info: Redefining \bigg on input line 724.
LaTeX Info: Redefining \Bigg on input line 725.
\big@size=\dimen159
LaTeX Font Info:    Redeclaring font encoding OML on input line 743.
LaTeX Font Info:    Redeclaring font encoding OMS on input line 744.
\macc@depth=\count287
LaTeX Info: Redefining \bmod on input line 905.
LaTeX Info: Redefining \pmod on input line 910.
LaTeX Info: Redefining \smash on input line 940.
LaTeX Info: Redefining \relbar on input line 970.
LaTeX Info: Redefining \Relbar on input line 971.
\c@MaxMatrixCols=\count288
\dotsspace@=\muskip16
\c@parentequation=\count289
\dspbrk@lvl=\count290
\tag@help=\toks29
\row@=\count291
\column@=\count292
\maxfields@=\count293
\andhelp@=\toks30
\eqnshift@=\dimen160
\alignsep@=\dimen161
\tagshift@=\dimen162
\tagwidth@=\dimen163
\totwidth@=\dimen164
\lineht@=\dimen165
\@envbody=\toks31
\multlinegap=\skip51
\multlinetaggap=\skip52
\mathdisplay@stack=\toks32
LaTeX Info: Redefining \[ on input line 2953.
LaTeX Info: Redefining \] on input line 2954.
) (c:/texlive/2023/texmf-dist/tex/latex/hyperref/hyperref.sty
Package: hyperref 2023-02-07 v7.00v Hypertext links for LaTeX
 (c:/texlive/2023/texmf-dist/tex/latex/kvsetkeys/kvsetkeys.sty
Package: kvsetkeys 2022-10-05 v1.19 Key value parser (HO)
) (c:/texlive/2023/texmf-dist/tex/generic/kvdefinekeys/kvdefinekeys.sty
Package: kvdefinekeys 2019-12-19 v1.6 Define keys (HO)
) (c:/texlive/2023/texmf-dist/tex/generic/pdfescape/pdfescape.sty
Package: pdfescape 2019/12/09 v1.15 Implements pdfTeX's escape features (HO)
) (c:/texlive/2023/texmf-dist/tex/latex/hycolor/hycolor.sty
Package: hycolor 2020-01-27 v1.10 Color options for hyperref/bookmark (HO)
) (c:/texlive/2023/texmf-dist/tex/latex/letltxmacro/letltxmacro.sty
Package: letltxmacro 2019/12/03 v1.6 Let assignment for LaTeX macros (HO)
) (c:/texlive/2023/texmf-dist/tex/latex/hyperref/nameref.sty
Package: nameref 2022-05-17 v2.50 Cross-referencing by name of section
 (c:/texlive/2023/texmf-dist/tex/latex/refcount/refcount.sty
Package: refcount 2019/12/15 v3.6 Data extraction from label references (HO)
) (c:/texlive/2023/texmf-dist/tex/generic/gettitlestring/gettitlestring.sty
Package: gettitlestring 2019/12/15 v1.6 Cleanup title references (HO)
 (c:/texlive/2023/texmf-dist/tex/latex/kvoptions/kvoptions.sty
Package: kvoptions 2022-06-15 v3.15 Key value format for package options (HO)
))
\c@section@level=\count294
)
\@linkdim=\dimen166
\Hy@linkcounter=\count295
\Hy@pagecounter=\count296
 (c:/texlive/2023/texmf-dist/tex/latex/hyperref/pd1enc.def
File: pd1enc.def 2023-02-07 v7.00v Hyperref: PDFDocEncoding definition (HO)
) (c:/texlive/2023/texmf-dist/tex/generic/intcalc/intcalc.sty
Package: intcalc 2019/12/15 v1.3 Expandable calculations with integers (HO)
)
\Hy@SavedSpaceFactor=\count297
 (c:/texlive/2023/texmf-dist/tex/latex/hyperref/puenc.def
File: puenc.def 2023-02-07 v7.00v Hyperref: PDF Unicode definition (HO)
)
Package hyperref Info: Hyper figures OFF on input line 4177.
Package hyperref Info: Link nesting OFF on input line 4182.
Package hyperref Info: Hyper index ON on input line 4185.
Package hyperref Info: Plain pages OFF on input line 4192.
Package hyperref Info: Backreferencing OFF on input line 4197.
Package hyperref Info: Implicit mode ON; LaTeX internals redefined.
Package hyperref Info: Bookmarks ON on input line 4425.
\c@Hy@tempcnt=\count298
 (c:/texlive/2023/texmf-dist/tex/latex/url/url.sty
\Urlmuskip=\muskip17
Package: url 2013/09/16  ver 3.4  Verb mode for urls, etc.
)
LaTeX Info: Redefining \url on input line 4763.
\XeTeXLinkMargin=\dimen167
 (c:/texlive/2023/texmf-dist/tex/generic/bitset/bitset.sty
Package: bitset 2019/12/09 v1.3 Handle bit-vector datatype (HO)
 (c:/texlive/2023/texmf-dist/tex/generic/bigintcalc/bigintcalc.sty
Package: bigintcalc 2019/12/15 v1.5 Expandable calculations on big integers (HO)
))
\Fld@menulength=\count299
\Field@Width=\dimen168
\Fld@charsize=\dimen169
Package hyperref Info: Hyper figures OFF on input line 6042.
Package hyperref Info: Link nesting OFF on input line 6047.
Package hyperref Info: Hyper index ON on input line 6050.
Package hyperref Info: backreferencing OFF on input line 6057.
Package hyperref Info: Link coloring OFF on input line 6062.
Package hyperref Info: Link coloring with OCG OFF on input line 6067.
Package hyperref Info: PDF/A mode OFF on input line 6072.
 (c:/texlive/2023/texmf-dist/tex/latex/base/atbegshi-ltx.sty
Package: atbegshi-ltx 2021/01/10 v1.0c Emulation of the original atbegshi
package with kernel methods
)
\Hy@abspage=\count300
\c@Item=\count301
\c@Hfootnote=\count302
)
Package hyperref Info: Driver (autodetected): hluatex.
 (c:/texlive/2023/texmf-dist/tex/latex/hyperref/hluatex.def
File: hluatex.def 2023-02-07 v7.00v Hyperref driver for luaTeX
 (c:/texlive/2023/texmf-dist/tex/generic/stringenc/stringenc.sty
Package: stringenc 2019/11/29 v1.12 Convert strings between diff. encodings (HO)
) (c:/texlive/2023/texmf-dist/tex/latex/base/atveryend-ltx.sty
Package: atveryend-ltx 2020/08/19 v1.0a Emulation of the original atveryend package
with kernel methods
)
\Fld@listcount=\count303
\c@bookmark@seq@number=\count304
 (c:/texlive/2023/texmf-dist/tex/latex/rerunfilecheck/rerunfilecheck.sty
Package: rerunfilecheck 2022-07-10 v1.10 Rerun checks for auxiliary files (HO)
 (c:/texlive/2023/texmf-dist/tex/generic/uniquecounter/uniquecounter.sty
Package: uniquecounter 2019/12/15 v1.4 Provide unlimited unique counter (HO)
)
Package uniquecounter Info: New unique counter `rerunfilecheck' on input line 285.
)
\Hy@SectionHShift=\skip53
) (./out/main.aux
LaTeX Info: Redefining \rmfamily on input line 18.
LaTeX Info: Redefining \sffamily on input line 18.
LaTeX Info: Redefining \ttfamily on input line 18.
Package polyglossia Info: totalhyphenmin:'5'.
)
\openout1 = main.aux

LaTeX Font Info:    Checking defaults for OML/cmm/m/it on input line 14.
LaTeX Font Info:    ... okay on input line 14.
LaTeX Font Info:    Checking defaults for OMS/cmsy/m/n on input line 14.
LaTeX Font Info:    ... okay on input line 14.
LaTeX Font Info:    Checking defaults for OT1/cmr/m/n on input line 14.
LaTeX Font Info:    ... okay on input line 14.
LaTeX Font Info:    Checking defaults for T1/cmr/m/n on input line 14.
LaTeX Font Info:    ... okay on input line 14.
LaTeX Font Info:    Checking defaults for TS1/cmr/m/n on input line 14.
LaTeX Font Info:    Trying to load font information for TS1+cmr on input line 14.
 (c:/texlive/2023/texmf-dist/tex/latex/base/ts1cmr.fd
File: ts1cmr.fd 2022/07/10 v2.5l Standard LaTeX font definitions
)
LaTeX Font Info:    ... okay on input line 14.
LaTeX Font Info:    Checking defaults for TU/lmr/m/n on input line 14.
LaTeX Font Info:    ... okay on input line 14.
LaTeX Font Info:    Checking defaults for OMX/cmex/m/n on input line 14.
LaTeX Font Info:    ... okay on input line 14.
LaTeX Font Info:    Checking defaults for U/cmr/m/n on input line 14.
LaTeX Font Info:    ... okay on input line 14.
LaTeX Font Info:    Checking defaults for PD1/pdf/m/n on input line 14.
LaTeX Font Info:    ... okay on input line 14.
LaTeX Font Info:    Checking defaults for PU/pdf/m/n on input line 14.
LaTeX Font Info:    ... okay on input line 14.

Package fontspec Info: Adjusting the maths setup (use [no-math] to avoid
(fontspec)             this).

\symlegacymaths=\mathgroup4
LaTeX Font Info:    Overwriting symbol font `legacymaths' in version `bold'
(Font)                  OT1/cmr/m/n --> OT1/cmr/bx/n on input line 14.
LaTeX Font Info:    Redeclaring math accent \acute on input line 14.
LaTeX Font Info:    Redeclaring math accent \grave on input line 14.
LaTeX Font Info:    Redeclaring math accent \ddot on input line 14.
LaTeX Font Info:    Redeclaring math accent \tilde on input line 14.
LaTeX Font Info:    Redeclaring math accent \bar on input line 14.
LaTeX Font Info:    Redeclaring math accent \breve on input line 14.
LaTeX Font Info:    Redeclaring math accent \check on input line 14.
LaTeX Font Info:    Redeclaring math accent \hat on input line 14.
LaTeX Font Info:    Redeclaring math accent \dot on input line 14.
LaTeX Font Info:    Redeclaring math accent \mathring on input line 14.
LaTeX Font Info:    Redeclaring math symbol \Gamma on input line 14.
LaTeX Font Info:    Redeclaring math symbol \Delta on input line 14.
LaTeX Font Info:    Redeclaring math symbol \Theta on input line 14.
LaTeX Font Info:    Redeclaring math symbol \Lambda on input line 14.
LaTeX Font Info:    Redeclaring math symbol \Xi on input line 14.
LaTeX Font Info:    Redeclaring math symbol \Pi on input line 14.
LaTeX Font Info:    Redeclaring math symbol \Sigma on input line 14.
LaTeX Font Info:    Redeclaring math symbol \Upsilon on input line 14.
LaTeX Font Info:    Redeclaring math symbol \Phi on input line 14.
LaTeX Font Info:    Redeclaring math symbol \Psi on input line 14.
LaTeX Font Info:    Redeclaring math symbol \Omega on input line 14.
LaTeX Font Info:    Redeclaring math symbol \mathdollar on input line 14.
LaTeX Font Info:    Redeclaring symbol font `operators' on input line 14.
LaTeX Font Info:    Encoding `OT1' has changed to `TU' for symbol font
(Font)              `operators' in the math version `normal' on input line 14.
LaTeX Font Info:    Overwriting symbol font `operators' in version `normal'
(Font)                  OT1/cmr/m/n --> TU/lmr/m/n on input line 14.
LaTeX Font Info:    Encoding `OT1' has changed to `TU' for symbol font
(Font)              `operators' in the math version `bold' on input line 14.
LaTeX Font Info:    Overwriting symbol font `operators' in version `bold'
(Font)                  OT1/cmr/bx/n --> TU/lmr/m/n on input line 14.
LaTeX Font Info:    Overwriting symbol font `operators' in version `normal'
(Font)                  TU/lmr/m/n --> TU/lmr/m/n on input line 14.
LaTeX Font Info:    Overwriting math alphabet `\mathit' in version `normal'
(Font)                  OT1/cmr/m/it --> TU/lmr/m/it on input line 14.
LaTeX Font Info:    Overwriting math alphabet `\mathbf' in version `normal'
(Font)                  OT1/cmr/bx/n --> TU/lmr/b/n on input line 14.
LaTeX Font Info:    Overwriting math alphabet `\mathsf' in version `normal'
(Font)                  OT1/cmss/m/n --> TU/lmss/m/n on input line 14.
LaTeX Font Info:    Overwriting math alphabet `\mathtt' in version `normal'
(Font)                  OT1/cmtt/m/n --> TU/lmtt/m/n on input line 14.
LaTeX Font Info:    Overwriting symbol font `operators' in version `bold'
(Font)                  TU/lmr/m/n --> TU/lmr/b/n on input line 14.
LaTeX Font Info:    Overwriting math alphabet `\mathit' in version `bold'
(Font)                  OT1/cmr/bx/it --> TU/lmr/b/it on input line 14.
LaTeX Font Info:    Overwriting math alphabet `\mathsf' in version `bold'
(Font)                  OT1/cmss/bx/n --> TU/lmss/b/n on input line 14.
LaTeX Font Info:    Overwriting math alphabet `\mathtt' in version `bold'
(Font)                  OT1/cmtt/m/n --> TU/lmtt/b/n on input line 14.
The property list \__xpg_alias contains the pairs (without outer braces):
>  {latex/target}  =>  {latex}
>  {spanish/target}  =>  {spanish}
>  {es/target}  =>  {spanish}
>  {es-MX/target}  =>  {spanish}
>  {es-MX/variant}  =>  {mexican}
>  {es-MX/options}  =>  {variant=mexican}
>  {es-ES/target}  =>  {spanish}
>  {es-ES/variant}  =>  {spanish}
>  {es-ES/options}  =>  {variant=spanish}
>  {spanishmx/target}  =>  {spanish}
>  {spanishmx/variant}  =>  {mexican}
>  {spanishmx/options}  =>  {variant=mexican}.
 (c:/texlive/2023/texmf-dist/tex/context/base/mkii/supp-pdf.mkii
[Loading MPS to PDF converter (version 2006.09.02).]
\scratchcounter=\count305
\scratchdimen=\dimen170
\scratchbox=\box58
\nofMPsegments=\count306
\nofMParguments=\count307
\everyMPshowfont=\toks33
\MPscratchCnt=\count308
\MPscratchDim=\dimen171
\MPnumerator=\count309
\makeMPintoPDFobject=\count310
\everyMPtoPDFconversion=\toks34
) (c:/texlive/2023/texmf-dist/tex/latex/epstopdf-pkg/epstopdf-base.sty
Package: epstopdf-base 2020-01-24 v2.11 Base part for package epstopdf
Package epstopdf-base Info: Redefining graphics rule for `.eps' on input line 485.
 (c:/texlive/2023/texmf-dist/tex/latex/latexconfig/epstopdf-sys.cfg
File: epstopdf-sys.cfg 2010/07/13 v1.3 Configuration of (r)epstopdf for TeX Live
))
Package hyperref Info: Link coloring OFF on input line 14.
 (./out/main.out) (./out/main.out)
\@outlinefile=\write4

\openout4 = main.out
LaTeX Info: Redefining \rmfamily on input line 14.
LaTeX Info: Redefining \sffamily on input line 14.
LaTeX Info: Redefining \ttfamily on input line 14.
Package polyglossia Info: totalhyphenmin:'5'.
 [1

{c:/texlive/2023/texmf-var/fonts/map/pdftex/updmap/pdftex.map}]
Package svg Info: Last page of `./svg-inkscape/sistema_svg-tex.pdf' is 2 on input line 23.
 (./svg-inkscape/sistema_svg-tex.pdf_tex
<./svg-inkscape/sistema_svg-tex.pdf, id=68, page=1, 137.50034pt x 135.25836pt>
File: ./svg-inkscape/sistema_svg-tex.pdf Graphic file (type pdf)
<use ./svg-inkscape/sistema_svg-tex.pdf, page 1>
Package luatex.def Info: ./svg-inkscape/sistema_svg-tex.pdf , page1 used on input line 56.
(luatex.def)             Requested size: 137.50032pt x 135.27245pt.
<./svg-inkscape/sistema_svg-tex.pdf, id=69, page=2, 137.50034pt x 135.25836pt>
File: ./svg-inkscape/sistema_svg-tex.pdf Graphic file (type pdf)
<use ./svg-inkscape/sistema_svg-tex.pdf, page 2>
Package luatex.def Info: ./svg-inkscape/sistema_svg-tex.pdf , page2 used on input line 59.
(luatex.def)             Requested size: 137.50032pt x 135.27245pt.
)
Package svg Info: Last page of `./svg-inkscape/dcl_svg-tex.pdf' is 1 on input line 36.
 (./svg-inkscape/dcl_svg-tex.pdf_tex
<./svg-inkscape/dcl_svg-tex.pdf, id=71, page=1, 91.32474pt x 77.53166pt>
File: ./svg-inkscape/dcl_svg-tex.pdf Graphic file (type pdf)
<use ./svg-inkscape/dcl_svg-tex.pdf, page 1>
Package luatex.def Info: ./svg-inkscape/dcl_svg-tex.pdf , page1 used on input line 56.
(luatex.def)             Requested size: 91.32474pt x 77.53499pt.
)
warning  (pdf backend): ignoring duplicate destination with the name 'page.1'
[1<./svg-inkscape/sistema_svg-tex.pdf><./svg-inkscape/sistema_svg-tex.pdf><./svg-inkscape/dcl_svg-tex.pdf>] [2]
Overfull \hbox (36.17189pt too wide) detected at line 83
[][][] \OT1/cmr/m/n/10 = []
 []

Package svg Info: Last page of `./svg-inkscape/bloques1_svg-tex.pdf' is 4 on input line 91.
(./svg-inkscape/bloques1_svg-tex.pdf_tex
<./svg-inkscape/bloques1_svg-tex.pdf, id=92, page=1, 285.58315pt x 234.42688pt>
File: ./svg-inkscape/bloques1_svg-tex.pdf Graphic file (type pdf)
<use ./svg-inkscape/bloques1_svg-tex.pdf, page 1>
Package luatex.def Info: ./svg-inkscape/bloques1_svg-tex.pdf , page1 used on input line 56.
(luatex.def)             Requested size: 285.58313pt x 234.4406pt.
<./svg-inkscape/bloques1_svg-tex.pdf, id=93, page=2, 285.58315pt x 234.42688pt>
File: ./svg-inkscape/bloques1_svg-tex.pdf Graphic file (type pdf)
<use ./svg-inkscape/bloques1_svg-tex.pdf, page 2>
Package luatex.def Info: ./svg-inkscape/bloques1_svg-tex.pdf , page2 used on input line 58.
(luatex.def)             Requested size: 285.58313pt x 234.4406pt.
<./svg-inkscape/bloques1_svg-tex.pdf, id=94, page=3, 285.58315pt x 234.42688pt>
File: ./svg-inkscape/bloques1_svg-tex.pdf Graphic file (type pdf)
<use ./svg-inkscape/bloques1_svg-tex.pdf, page 3>
Package luatex.def Info: ./svg-inkscape/bloques1_svg-tex.pdf , page3 used on input line 60.
(luatex.def)             Requested size: 285.58313pt x 234.4406pt.
<./svg-inkscape/bloques1_svg-tex.pdf, id=95, page=4, 285.58315pt x 234.42688pt>
File: ./svg-inkscape/bloques1_svg-tex.pdf Graphic file (type pdf)
<use ./svg-inkscape/bloques1_svg-tex.pdf, page 4>
Package luatex.def Info: ./svg-inkscape/bloques1_svg-tex.pdf , page4 used on input line 62.
(luatex.def)             Requested size: 285.58313pt x 234.4406pt.
) [3] [4<./svg-inkscape/bloques1_svg-tex.pdf><./svg-inkscape/bloques1_svg-tex.pdf><./svg-inkscape/bloques1_svg-tex.pdf><./svg-inkscape/bloques1_svg-tex.pdf>]
Overfull \hbox (12.0pt too wide) in paragraph at lines 113--114
\TU/lmtt/m/n/10 umich.edu/CTMS/index.php?example=Introduction&section=SystemModeling$[] 
 []

[5] [6]
Package svg Info: Last page of `./svg-inkscape/sim_sinruido_svg-tex.pdf' is 1 on input line 201.
 (./svg-inkscape/sim_sinruido_svg-tex.pdf_tex
<./svg-inkscape/sim_sinruido_svg-tex.pdf, id=125, page=1, 361.35pt x 158.57074pt>
File: ./svg-inkscape/sim_sinruido_svg-tex.pdf Graphic file (type pdf)
<use ./svg-inkscape/sim_sinruido_svg-tex.pdf, page 1>
Package luatex.def Info: ./svg-inkscape/sim_sinruido_svg-tex.pdf , page1 used on input line 56.
(luatex.def)             Requested size: 361.34999pt x 158.57275pt.
)
Overfull \hbox (16.34999pt too wide) in paragraph at lines 201--202
 [][][][] 
 []

Package svg Info: Last page of `./svg-inkscape/sim_sinruido_u_svg-tex.pdf' is 1 on input line 209.
(./svg-inkscape/sim_sinruido_u_svg-tex.pdf_tex
<./svg-inkscape/sim_sinruido_u_svg-tex.pdf, id=127, page=1, 361.35pt x 158.57074pt>
File: ./svg-inkscape/sim_sinruido_u_svg-tex.pdf Graphic file (type pdf)
<use ./svg-inkscape/sim_sinruido_u_svg-tex.pdf, page 1>
Package luatex.def Info: ./svg-inkscape/sim_sinruido_u_svg-tex.pdf , page1 used on input line 56.
(luatex.def)             Requested size: 361.34999pt x 158.57275pt.
)
Overfull \hbox (16.34999pt too wide) in paragraph at lines 209--210
 [][][][] 
 []

[7<./svg-inkscape/sim_sinruido_svg-tex.pdf>]

Package svg Warning: Since the encountered filedate of file
(svg)                `./svg-inkscape/bloques2_svg-tex.pdf_tex' is newer than 
(svg)                `./svg-inkscape/bloques2_svg-tex.pdf' it's supposed that
(svg)                you customized this file. To avoid an accidental
(svg)                overwriting of this file, the Inkscape export
(svg)                won't be done. If you want to overwrite the
(svg)                existing file please choose the parameter
(svg)                `inkscape=force' on input line 217.

Package svg Info: Last page of `./svg-inkscape/bloques2_svg-tex.pdf' is 6 on input line 217.
(./svg-inkscape/bloques2_svg-tex.pdf_tex
<./svg-inkscape/bloques2_svg-tex.pdf, id=175, page=1, 326.16446pt x 384.98944pt>
File: ./svg-inkscape/bloques2_svg-tex.pdf Graphic file (type pdf)
<use ./svg-inkscape/bloques2_svg-tex.pdf, page 1>
Package luatex.def Info: ./svg-inkscape/bloques2_svg-tex.pdf , page1 used on input line 56.
(luatex.def)             Requested size: 326.16446pt x 384.99435pt.
<./svg-inkscape/bloques2_svg-tex.pdf, id=176, page=2, 326.16446pt x 384.98944pt>
File: ./svg-inkscape/bloques2_svg-tex.pdf Graphic file (type pdf)
<use ./svg-inkscape/bloques2_svg-tex.pdf, page 2>
Package luatex.def Info: ./svg-inkscape/bloques2_svg-tex.pdf , page2 used on input line 58.
(luatex.def)             Requested size: 326.16446pt x 384.99435pt.
<./svg-inkscape/bloques2_svg-tex.pdf, id=177, page=3, 326.16446pt x 384.98944pt>
File: ./svg-inkscape/bloques2_svg-tex.pdf Graphic file (type pdf)
<use ./svg-inkscape/bloques2_svg-tex.pdf, page 3>
Package luatex.def Info: ./svg-inkscape/bloques2_svg-tex.pdf , page3 used on input line 60.
(luatex.def)             Requested size: 326.16446pt x 384.99435pt.
<./svg-inkscape/bloques2_svg-tex.pdf, id=178, page=4, 326.16446pt x 384.98944pt>
File: ./svg-inkscape/bloques2_svg-tex.pdf Graphic file (type pdf)
<use ./svg-inkscape/bloques2_svg-tex.pdf, page 4>
Package luatex.def Info: ./svg-inkscape/bloques2_svg-tex.pdf , page4 used on input line 62.
(luatex.def)             Requested size: 326.16446pt x 384.99435pt.
<./svg-inkscape/bloques2_svg-tex.pdf, id=179, page=5, 326.16446pt x 384.98944pt>
File: ./svg-inkscape/bloques2_svg-tex.pdf Graphic file (type pdf)
<use ./svg-inkscape/bloques2_svg-tex.pdf, page 5>
Package luatex.def Info: ./svg-inkscape/bloques2_svg-tex.pdf , page5 used on input line 64.
(luatex.def)             Requested size: 326.16446pt x 384.99435pt.
<./svg-inkscape/bloques2_svg-tex.pdf, id=180, page=6, 326.16446pt x 384.98944pt>
File: ./svg-inkscape/bloques2_svg-tex.pdf Graphic file (type pdf)
<use ./svg-inkscape/bloques2_svg-tex.pdf, page 6>
Package luatex.def Info: ./svg-inkscape/bloques2_svg-tex.pdf , page6 used on input line 66.
(luatex.def)             Requested size: 326.16446pt x 384.99435pt.
) [8<./svg-inkscape/sim_sinruido_u_svg-tex.pdf>] [9<./svg-inkscape/bloques2_svg-tex.pdf><./svg-inkscape/bloques2_svg-tex.pdf><./svg-inkscape/bloques2_svg-tex.pdf><./svg-inkscape/bloques2_svg-tex.pdf><./svg-inkscape/bloques2_svg-tex.pdf><./svg-inkscape/bloques2_svg-tex.pdf>] [10]
Package svg Info: Last page of `./svg-inkscape/sim_sinruido_svg-tex.pdf' is 1 on input line 287.
 (./svg-inkscape/sim_sinruido_svg-tex.pdf_tex
File: ./svg-inkscape/sim_sinruido_svg-tex.pdf Graphic file (type pdf)
<use ./svg-inkscape/sim_sinruido_svg-tex.pdf, page 1>
Package luatex.def Info: ./svg-inkscape/sim_sinruido_svg-tex.pdf , page1 used on input line 56.
(luatex.def)             Requested size: 361.34999pt x 158.57275pt.
)
Overfull \hbox (16.34999pt too wide) in paragraph at lines 287--288
 [][][][] 
 []

[11]
Package svg Info: Last page of `./svg-inkscape/sim_conruido_svg-tex.pdf' is 1 on input line 295.
 (./svg-inkscape/sim_conruido_svg-tex.pdf_tex
<./svg-inkscape/sim_conruido_svg-tex.pdf, id=242, page=1, 361.35pt x 158.57074pt>
File: ./svg-inkscape/sim_conruido_svg-tex.pdf Graphic file (type pdf)
<use ./svg-inkscape/sim_conruido_svg-tex.pdf, page 1>
Package luatex.def Info: ./svg-inkscape/sim_conruido_svg-tex.pdf , page1 used on input line 56.
(luatex.def)             Requested size: 361.34999pt x 158.57275pt.
)
Overfull \hbox (16.34999pt too wide) in paragraph at lines 295--296
 [][][][] 
 []

Package svg Info: Last page of `./svg-inkscape/sim_conruido_ctrlperfecto_svg-tex.pdf' is 1 on input line 303.
(./svg-inkscape/sim_conruido_ctrlperfecto_svg-tex.pdf_tex
<./svg-inkscape/sim_conruido_ctrlperfecto_svg-tex.pdf, id=244, page=1, 361.35pt x 158.57074pt>
File: ./svg-inkscape/sim_conruido_ctrlperfecto_svg-tex.pdf Graphic file (type pdf)
<use ./svg-inkscape/sim_conruido_ctrlperfecto_svg-tex.pdf, page 1>
Package luatex.def Info: ./svg-inkscape/sim_conruido_ctrlperfecto_svg-tex.pdf , page1 used on input line 56.
(luatex.def)             Requested size: 361.34999pt x 158.57275pt.
)
Overfull \hbox (16.34999pt too wide) in paragraph at lines 303--304
 [][][][] 
 []

[12<./svg-inkscape/sim_conruido_svg-tex.pdf>]
Package svg Info: Last page of `./svg-inkscape/sim_conruido_zs_svg-tex.pdf' is 1 on input line 315.
 (./svg-inkscape/sim_conruido_zs_svg-tex.pdf_tex
<./svg-inkscape/sim_conruido_zs_svg-tex.pdf, id=285, page=1, 361.35pt x 158.57074pt>
File: ./svg-inkscape/sim_conruido_zs_svg-tex.pdf Graphic file (type pdf)
<use ./svg-inkscape/sim_conruido_zs_svg-tex.pdf, page 1>
Package luatex.def Info: ./svg-inkscape/sim_conruido_zs_svg-tex.pdf , page1 used on input line 56.
(luatex.def)             Requested size: 361.34999pt x 158.57275pt.
)
Overfull \hbox (16.34999pt too wide) in paragraph at lines 315--316
 [][][][] 
 []

Package svg Info: Last page of `./svg-inkscape/sim_conruido_kfx_svg-tex.pdf' is 1 on input line 321.
(./svg-inkscape/sim_conruido_kfx_svg-tex.pdf_tex
<./svg-inkscape/sim_conruido_kfx_svg-tex.pdf, id=287, page=1, 361.35pt x 158.57074pt>
File: ./svg-inkscape/sim_conruido_kfx_svg-tex.pdf Graphic file (type pdf)
<use ./svg-inkscape/sim_conruido_kfx_svg-tex.pdf, page 1>
Package luatex.def Info: ./svg-inkscape/sim_conruido_kfx_svg-tex.pdf , page1 used on input line 56.
(luatex.def)             Requested size: 361.34999pt x 158.57275pt.
)
Overfull \hbox (16.34999pt too wide) in paragraph at lines 321--322
 [][][][] 
 []

[13<./svg-inkscape/sim_conruido_ctrlperfecto_svg-tex.pdf><./svg-inkscape/sim_conruido_zs_svg-tex.pdf>]
Package svg Info: Last page of `./svg-inkscape/sim_conruido_us_svg-tex.pdf' is 1 on input line 327.
 (./svg-inkscape/sim_conruido_us_svg-tex.pdf_tex
<./svg-inkscape/sim_conruido_us_svg-tex.pdf, id=368, page=1, 361.35pt x 158.57074pt>
File: ./svg-inkscape/sim_conruido_us_svg-tex.pdf Graphic file (type pdf)
<use ./svg-inkscape/sim_conruido_us_svg-tex.pdf, page 1>
Package luatex.def Info: ./svg-inkscape/sim_conruido_us_svg-tex.pdf , page1 used on input line 56.
(luatex.def)             Requested size: 361.34999pt x 158.57275pt.
)
Overfull \hbox (16.34999pt too wide) in paragraph at lines 327--328
 [][][][] 
 []

[14<./svg-inkscape/sim_conruido_kfx_svg-tex.pdf><./svg-inkscape/sim_conruido_us_svg-tex.pdf>]
The property list \polyglossia@langsetup contains the pairs (without outer
braces):
>  {latex/script}  =>  {latin}
>  {latex/lcscript}  =>  {latin}
>  {latex/scripttag}  =>  {}
>  {latex/language}  =>  {Latex}
>  {latex/langtag}  =>  {ENG}
>  {latex/bcp47}  =>  {}
>  {latex/hyphennames}  =>  {english}
>  {latex/direction}  =>  {LR}
>  {latex/hyphenmins}  =>  {2,3}
>  {latex/frenchspacing}  =>  {false}
>  {latex/indentfirst}  =>  {false}
>  {latex/fontsetup}  =>  {true}
>  {latex/envname}  =>  {latex}
>  {latex/babelname}  =>  {latex}
>  {latex/localnumeral}  =>  {polyglossia@C@localnumeral}
>  {latex/Localnumeral}  =>  {polyglossia@C@localnumeral}
>  {latex/DefineCommandsCmd}  =>  {use_none:n}
>  {spanish/script}  =>  {latin}
>  {spanish/lcscript}  =>  {latin}
>  {spanish/scripttag}  =>  {}
>  {spanish/language}  =>  {Spanish}
>  {spanish/langtag}  =>  {ESP}
>  {spanish/bcp47}  =>  {es-ES}
>  {spanish/hyphennames}  =>  {spanish}
>  {spanish/direction}  =>  {LR}
>  {spanish/hyphenmins}  =>  {2,2}
>  {spanish/frenchspacing}  =>  {true}
>  {spanish/indentfirst}  =>  {true}
>  {spanish/fontsetup}  =>  {true}
>  {spanish/envname}  =>  {spanish}
>  {spanish/babelname}  =>  {spanish}
>  {spanish/localnumeral}  =>  {polyglossia@C@localnumeral}
>  {spanish/Localnumeral}  =>  {polyglossia@C@localnumeral}
>  {spanish/DefineCommandsCmd}  =>  {xpg_define_language_commands:e}
>  {spanish/totalhyphenmin}  =>  {5}.
The property list \__xpg_alias contains the pairs (without outer braces):
>  {latex/target}  =>  {latex}
>  {spanish/target}  =>  {spanish}
>  {es/target}  =>  {spanish}
>  {es-MX/target}  =>  {spanish}
>  {es-MX/variant}  =>  {mexican}
>  {es-MX/options}  =>  {variant=mexican}
>  {es-ES/target}  =>  {spanish}
>  {es-ES/variant}  =>  {spanish}
>  {es-ES/options}  =>  {variant=spanish}
>  {spanishmx/target}  =>  {spanish}
>  {spanishmx/variant}  =>  {mexican}
>  {spanishmx/options}  =>  {variant=mexican}.
 [15] (./out/main.aux
LaTeX Info: Redefining \rmfamily on input line 18.
LaTeX Info: Redefining \sffamily on input line 18.
LaTeX Info: Redefining \ttfamily on input line 18.
Package polyglossia Info: totalhyphenmin:'5'.
)
Package rerunfilecheck Info: File `main.out' has not changed.
(rerunfilecheck)             Checksum: 7518E38890FA5BFF58BDA994DB58CEFD;2217.
)

Here is how much of LuaTeX's memory you used:
 16846 strings out of 478285
 125038,1977958 words of node,token memory allocated
 723 words of node memory still in use:
   6 hlist, 2 vlist, 2 rule, 2 glue, 4 kern, 1 glyph, 55 attribute, 54 glue_spec, 55 attribute_list, 2 write, 5 pdf_action nodes
   avail lists: 2:770,3:155,4:44,5:400,6:29,7:5111,8:142,9:1118,10:13,11:388
 35945 multiletter control sequences out of 65536+600000
 52 fonts using 3921055 bytes
 94i,15n,87p,1283b,625s stack positions out of 10000i,1000n,20000p,200000b,200000s
<c:/texlive/2023/texmf-dist/fonts/opentype/public/lm/lmroman10-bold.otf><c:/texlive/2023/texmf-dist/fonts/opentype/public/lm/lmmono10-regular.otf><c:/texlive/2023/texmf-dist/fonts/opentype/public/lm/lmroman7-regular.otf><c:/texlive/2023/texmf-dist/fonts/opentype/public/lm/lmroman10-italic.otf><c:/texlive/2023/texmf-dist/fonts/opentype/public/lm/lmroman10-regular.otf><c:/texlive/2023/texmf-dist/fonts/opentype/public/lm/lmroman12-regular.otf><c:/texlive/2023/texmf-dist/fonts/opentype/public/lm/lmroman17-regular.otf><c:/texlive/2023/texmf-dist/fonts/opentype/public/lm/lmroman12-bold.otf><c:/texlive/2023/texmf-dist/fonts/type1/public/amsfonts/cm/cmex10.pfb><c:/texlive/2023/texmf-dist/fonts/type1/public/amsfonts/cm/cmmi10.pfb><c:/texlive/2023/texmf-dist/fonts/type1/public/amsfonts/cm/cmmi7.pfb><c:/texlive/2023/texmf-dist/fonts/type1/public/amsfonts/cm/cmr10.pfb><c:/texlive/2023/texmf-dist/fonts/type1/public/amsfonts/cm/cmr5.pfb><c:/texlive/2023/texmf-dist/fonts/type1/public/amsfonts/cm/cmr7.pfb><c:/texlive/2023/texmf-dist/fonts/type1/public/amsfonts/cm/cmsy10.pfb>
Output written on main.pdf (16 pages, 302744 bytes).

PDF statistics: 538 PDF objects out of 1000 (max. 8388607)
 368 compressed objects within 4 object streams
 42 named destinations out of 1000 (max. 131072)
 120 words of extra memory for PDF output out of 10000 (max. 100000000)

